<?xml version="1.0" encoding="UTF-8"?>
<!-- Generated by org.testng.reporters.JUnitXMLReporter -->
<testsuite ignored="1" hostname="DESKTOP-36H0BPK" failures="0" tests="5" name="Test" time="73.955" errors="0" timestamp="2024-02-28T16:48:11 IST">
  <testcase classname="testcases.Register" name="RegisterWithMandateFields" time="1.833"/>
  <testcase classname="testcases.Search" name="searchWithEmptyFields" time="0.657"/>
  <testcase classname="testcases.Search" name="searchWithValidProducts" time="0.966"/>
  <testcase classname="testcases.Login" name="loginWithInvalidDetails" time="0.906"/>
  <testcase classname="testcases.Login" name="loginWithValiddata" time="1.136"/>
  <testcase classname="testcases.Login" name="loginWithEmptyFields" time="0.0">
    <ignored/>
  </testcase> <!-- loginWithEmptyFields -->
</testsuite> <!-- Test -->
